<?xml version="1.0" encoding="UTF-8"?>
<testng-results ignored="0" total="7" passed="7" failed="0" skipped="0">
  <reporter-output>
  </reporter-output>
  <suite started-at="2023-01-17T20:13:46 IST" name="Default suite" finished-at="2023-01-17T20:13:46 IST" duration-ms="137">
    <groups>
    </groups>
    <test started-at="2023-01-17T20:13:46 IST" name="Default test" finished-at="2023-01-17T20:13:46 IST" duration-ms="137">
      <class name="com.sample.testng.DependsOnMethods">
        <test-method signature="URLLaunch()[pri:0, instance:com.sample.testng.DependsOnMethods@2b91004a]" started-at="2023-01-17T20:13:46 IST" name="URLLaunch" finished-at="2023-01-17T20:13:46 IST" duration-ms="23" status="PASS">
          <reporter-output>
          </reporter-output>
        </test-method> <!-- URLLaunch -->
        <test-method signature="Login()[pri:0, instance:com.sample.testng.DependsOnMethods@2b91004a]" started-at="2023-01-17T20:13:46 IST" name="Login" finished-at="2023-01-17T20:13:46 IST" depends-on-methods="com.sample.testng.DependsOnMethods.URLLaunch" duration-ms="3" status="PASS">
          <reporter-output>
          </reporter-output>
        </test-method> <!-- Login -->
        <test-method signature="SearchProuduct()[pri:0, instance:com.sample.testng.DependsOnMethods@2b91004a]" started-at="2023-01-17T20:13:46 IST" name="SearchProuduct" finished-at="2023-01-17T20:13:46 IST" depends-on-methods="com.sample.testng.DependsOnMethods.Login" duration-ms="3" status="PASS">
          <reporter-output>
          </reporter-output>
        </test-method> <!-- SearchProuduct -->
        <test-method signature="SaveToCart()[pri:0, instance:com.sample.testng.DependsOnMethods@2b91004a]" started-at="2023-01-17T20:13:46 IST" name="SaveToCart" finished-at="2023-01-17T20:13:46 IST" depends-on-methods="com.sample.testng.DependsOnMethods.SearchProuduct" duration-ms="6" status="PASS">
          <reporter-output>
          </reporter-output>
        </test-method> <!-- SaveToCart -->
        <test-method signature="Buy()[pri:0, instance:com.sample.testng.DependsOnMethods@2b91004a]" started-at="2023-01-17T20:13:46 IST" name="Buy" finished-at="2023-01-17T20:13:46 IST" depends-on-methods="com.sample.testng.DependsOnMethods.SaveToCart" duration-ms="1" status="PASS">
          <reporter-output>
          </reporter-output>
        </test-method> <!-- Buy -->
      </class> <!-- com.sample.testng.DependsOnMethods -->
      <class name="com.sample.testng.DependsOnMethods1">
        <test-method signature="SearchProduct()[pri:0, instance:com.sample.testng.DependsOnMethods1@21e360a]" started-at="2023-01-17T20:13:46 IST" name="SearchProduct" finished-at="2023-01-17T20:13:46 IST" depends-on-methods="com.sample.testng.DependsOnMethods.SearchProuduct" duration-ms="1" status="PASS">
          <reporter-output>
          </reporter-output>
        </test-method> <!-- SearchProduct -->
        <test-method signature="pay()[pri:0, instance:com.sample.testng.DependsOnMethods1@21e360a]" started-at="2023-01-17T20:13:46 IST" name="pay" finished-at="2023-01-17T20:13:46 IST" depends-on-methods="com.sample.testng.DependsOnMethods.Buy" duration-ms="5" status="PASS">
          <reporter-output>
          </reporter-output>
        </test-method> <!-- pay -->
      </class> <!-- com.sample.testng.DependsOnMethods1 -->
    </test> <!-- Default test -->
  </suite> <!-- Default suite -->
</testng-results>
